<?xml version="1.0" encoding="UTF-8"?>
<testsuite name="br.com.codenation.BillingProcessorTest" tests="4" skipped="0" failures="0" errors="0" timestamp="2020-06-08T22:05:19" hostname="cleyton-Lenovo-G50-80" time="0.157">
  <properties/>
  <testcase name="testCashPayment" classname="br.com.codenation.BillingProcessorTest" time="0.154"/>
  <testcase name="testTransferPayment" classname="br.com.codenation.BillingProcessorTest" time="0.0"/>
  <testcase name="testDebitCardPayment" classname="br.com.codenation.BillingProcessorTest" time="0.0"/>
  <testcase name="testCreditCardPayment" classname="br.com.codenation.BillingProcessorTest" time="0.0"/>
  <system-out><![CDATA[]]></system-out>
  <system-err><![CDATA[]]></system-err>
</testsuite>
