<?xml version="1.0" encoding="UTF-8"?>
<testsuite name="br.com.codenation.service.OrderServiceTest" tests="1" skipped="0" failures="0" errors="0" timestamp="2020-05-19T20:53:55" hostname="cleyton-Lenovo-G50-80" time="0.021">
  <properties/>
  <testcase name="testFindProductsById" classname="br.com.codenation.service.OrderServiceTest" time="0.021"/>
  <system-out><![CDATA[]]></system-out>
  <system-err><![CDATA[]]></system-err>
</testsuite>
